c:\users\rensl\desktop\wireless_fire\wireless_fire\x64\debug\moc_fuzzyreasoning.obj
c:\users\rensl\desktop\wireless_fire\wireless_fire\x64\debug\moc_serviceportthread.obj
c:\users\rensl\desktop\wireless_fire\wireless_fire\x64\debug\moc_gabpneuralnetworks.obj
c:\users\rensl\desktop\wireless_fire\wireless_fire\x64\debug\servicedatathread.obj
c:\users\rensl\desktop\wireless_fire\wireless_fire\x64\debug\fuzzyreasoning.obj
c:\users\rensl\desktop\wireless_fire\wireless_fire\x64\debug\main.obj
c:\users\rensl\desktop\wireless_fire\wireless_fire\x64\debug\serviceportthread.obj
c:\users\rensl\desktop\wireless_fire\wireless_fire\x64\debug\gabpneuralnetworks.obj
c:\users\rensl\desktop\wireless_fire\wireless_fire\x64\debug\vc140.pdb
c:\users\rensl\desktop\wireless_fire\x64\debug\wireless_fire.ilk
c:\users\rensl\desktop\wireless_fire\x64\debug\wireless_fire.exe
c:\users\rensl\desktop\wireless_fire\x64\debug\wireless_fire.pdb
c:\users\rensl\desktop\wireless_fire\wireless_fire\generatedfiles\debug\moc_serviceportthread.cpp
c:\users\rensl\desktop\wireless_fire\wireless_fire\x64\debug\wireless_fire.tlog\cl.10640.write.1.tlog
c:\users\rensl\desktop\wireless_fire\wireless_fire\x64\debug\wireless_fire.tlog\cl.command.1.tlog
c:\users\rensl\desktop\wireless_fire\wireless_fire\x64\debug\wireless_fire.tlog\cl.read.1.tlog
c:\users\rensl\desktop\wireless_fire\wireless_fire\x64\debug\wireless_fire.tlog\link.12340-cvtres.write.1.tlog
c:\users\rensl\desktop\wireless_fire\wireless_fire\x64\debug\wireless_fire.tlog\link.command.1.tlog
c:\users\rensl\desktop\wireless_fire\wireless_fire\x64\debug\wireless_fire.tlog\link.read.1.tlog
c:\users\rensl\desktop\wireless_fire\wireless_fire\x64\debug\wireless_fire.tlog\wireless_fire.write.1u.tlog
